2026-03-02 14:50:03 Mon UTC [INFO] __main__: STARTED: House Hunt execution
2026-03-02 14:50:03 Mon UTC [INFO] __main__: STARTED: Commute data collection
2026-03-02 14:50:05 Mon UTC [INFO] utils: File not found: /home/runner/work/house_hunt/house_hunt/Data/Results/commute_stats.csv
2026-03-02 14:50:05 Mon UTC [INFO] utils: Tier tracking updated: +182 (advanced) | Monthly: Basic=0 Advanced=977
2026-03-02 14:50:07 Mon UTC [INFO] utils: Google-reported usage: 977 elements (Advanced tier)
2026-03-02 14:50:07 Mon UTC [INFO] utils: Free tier limit: 5,000, Remaining: 4,023
2026-03-02 14:50:07 Mon UTC [INFO] utils: Validation: tier=Advanced | local=977 google=977 delta=0 | Basic=0/10,000 Advanced=977/5,000 | cost=$0.00
2026-03-02 14:50:07 Mon UTC [INFO] utils: Tracking validation passed (delta=0 within 183 tolerance)
2026-03-02 14:50:07 Mon UTC [INFO] __main__: COMPLETED: Commute data collection
2026-03-02 14:50:07 Mon UTC [INFO] __main__: EXECUTION SUMMARY:
2026-03-02 14:50:07 Mon UTC [INFO] __main__:   COMMUTE: SUCCESS
2026-03-02 14:50:07 Mon UTC [INFO] __main__: COMPLETED: House Hunt | 1/1 modules successful
2026-03-02 22:17:16 Mon UTC [INFO] __main__: STARTED: House Hunt execution
2026-03-02 22:17:16 Mon UTC [INFO] __main__: STARTED: Commute data collection
2026-03-02 22:17:18 Mon UTC [INFO] utils: Loaded 182 records from /home/runner/work/house_hunt/house_hunt/Data/Results/commute_stats.csv
2026-03-02 22:17:18 Mon UTC [INFO] utils: Tier tracking updated: +182 (advanced) | Monthly: Basic=0 Advanced=1,159
2026-03-02 22:17:19 Mon UTC [INFO] utils: Google-reported usage: 1,159 elements (Advanced tier)
2026-03-02 22:17:19 Mon UTC [INFO] utils: Free tier limit: 5,000, Remaining: 3,841
2026-03-02 22:17:19 Mon UTC [INFO] utils: Validation: tier=Advanced | local=1,159 google=1,159 delta=0 | Basic=0/10,000 Advanced=1,159/5,000 | cost=$0.00
2026-03-02 22:17:19 Mon UTC [INFO] utils: Tracking validation passed (delta=0 within 183 tolerance)
2026-03-02 22:17:19 Mon UTC [INFO] __main__: COMPLETED: Commute data collection
2026-03-02 22:17:19 Mon UTC [INFO] __main__: EXECUTION SUMMARY:
2026-03-02 22:17:19 Mon UTC [INFO] __main__:   COMMUTE: SUCCESS
2026-03-02 22:17:19 Mon UTC [INFO] __main__: COMPLETED: House Hunt | 1/1 modules successful
2026-03-03 12:40:53 Tue UTC [INFO] __main__: STARTED: House Hunt execution
2026-03-03 12:40:53 Tue UTC [INFO] __main__: STARTED: Commute data collection
2026-03-03 12:40:55 Tue UTC [INFO] utils: Loaded 182 records from /home/runner/work/house_hunt/house_hunt/Data/Results/commute_stats.csv
2026-03-03 12:40:55 Tue UTC [INFO] utils: Tier tracking updated: +182 (advanced) | Monthly: Basic=0 Advanced=1,341
2026-03-03 12:40:56 Tue UTC [INFO] utils: Google-reported usage: 1,341 elements (Advanced tier)
2026-03-03 12:40:56 Tue UTC [INFO] utils: Free tier limit: 5,000, Remaining: 3,659
2026-03-03 12:40:56 Tue UTC [INFO] utils: Validation: tier=Advanced | local=1,341 google=1,341 delta=0 | Basic=0/10,000 Advanced=1,341/5,000 | cost=$0.00
2026-03-03 12:40:56 Tue UTC [INFO] utils: Tracking validation passed (delta=0 within 183 tolerance)
2026-03-03 12:40:56 Tue UTC [INFO] __main__: COMPLETED: Commute data collection
2026-03-03 12:40:56 Tue UTC [INFO] __main__: EXECUTION SUMMARY:
2026-03-03 12:40:56 Tue UTC [INFO] __main__:   COMMUTE: SUCCESS
2026-03-03 12:40:56 Tue UTC [INFO] __main__: COMPLETED: House Hunt | 1/1 modules successful
2026-03-03 22:17:13 Tue UTC [INFO] __main__: STARTED: House Hunt execution
2026-03-03 22:17:13 Tue UTC [INFO] __main__: STARTED: Commute data collection
2026-03-03 22:17:15 Tue UTC [INFO] utils: Loaded 182 records from /home/runner/work/house_hunt/house_hunt/Data/Results/commute_stats.csv
2026-03-03 22:17:15 Tue UTC [INFO] utils: Tier tracking updated: +182 (advanced) | Monthly: Basic=0 Advanced=1,523
2026-03-03 22:17:16 Tue UTC [INFO] utils: Google-reported usage: 1,523 elements (Advanced tier)
2026-03-03 22:17:16 Tue UTC [INFO] utils: Free tier limit: 5,000, Remaining: 3,477
2026-03-03 22:17:16 Tue UTC [INFO] utils: Validation: tier=Advanced | local=1,523 google=1,523 delta=0 | Basic=0/10,000 Advanced=1,523/5,000 | cost=$0.00
2026-03-03 22:17:16 Tue UTC [INFO] utils: Tracking validation passed (delta=0 within 183 tolerance)
2026-03-03 22:17:16 Tue UTC [INFO] __main__: COMPLETED: Commute data collection
2026-03-03 22:17:16 Tue UTC [INFO] __main__: EXECUTION SUMMARY:
2026-03-03 22:17:16 Tue UTC [INFO] __main__:   COMMUTE: SUCCESS
2026-03-03 22:17:16 Tue UTC [INFO] __main__: COMPLETED: House Hunt | 1/1 modules successful
2026-03-04 12:40:59 Wed UTC [INFO] __main__: STARTED: House Hunt execution
2026-03-04 12:40:59 Wed UTC [INFO] __main__: STARTED: Commute data collection
2026-03-04 12:41:01 Wed UTC [INFO] utils: Loaded 182 records from /home/runner/work/house_hunt/house_hunt/Data/Results/commute_stats.csv
2026-03-04 12:41:01 Wed UTC [INFO] utils: Tier tracking updated: +182 (advanced) | Monthly: Basic=0 Advanced=1,705
2026-03-04 12:41:03 Wed UTC [INFO] utils: Google-reported usage: 1,705 elements (Advanced tier)
2026-03-04 12:41:03 Wed UTC [INFO] utils: Free tier limit: 5,000, Remaining: 3,295
2026-03-04 12:41:03 Wed UTC [INFO] utils: Validation: tier=Advanced | local=1,705 google=1,705 delta=0 | Basic=0/10,000 Advanced=1,705/5,000 | cost=$0.00
2026-03-04 12:41:03 Wed UTC [INFO] utils: Tracking validation passed (delta=0 within 183 tolerance)
2026-03-04 12:41:03 Wed UTC [INFO] __main__: COMPLETED: Commute data collection
2026-03-04 12:41:03 Wed UTC [INFO] __main__: EXECUTION SUMMARY:
2026-03-04 12:41:03 Wed UTC [INFO] __main__:   COMMUTE: SUCCESS
2026-03-04 12:41:03 Wed UTC [INFO] __main__: COMPLETED: House Hunt | 1/1 modules successful
2026-03-04 22:19:26 Wed UTC [INFO] __main__: STARTED: House Hunt execution
2026-03-04 22:19:26 Wed UTC [INFO] __main__: STARTED: Commute data collection
2026-03-04 22:19:27 Wed UTC [INFO] utils: Loaded 182 records from /home/runner/work/house_hunt/house_hunt/Data/Results/commute_stats.csv
2026-03-04 22:19:27 Wed UTC [INFO] utils: Tier tracking updated: +182 (advanced) | Monthly: Basic=0 Advanced=1,887
2026-03-04 22:19:29 Wed UTC [INFO] utils: Google-reported usage: 1,887 elements (Advanced tier)
2026-03-04 22:19:29 Wed UTC [INFO] utils: Free tier limit: 5,000, Remaining: 3,113
2026-03-04 22:19:29 Wed UTC [INFO] utils: Validation: tier=Advanced | local=1,887 google=1,887 delta=0 | Basic=0/10,000 Advanced=1,887/5,000 | cost=$0.00
2026-03-04 22:19:29 Wed UTC [INFO] utils: Tracking validation passed (delta=0 within 183 tolerance)
2026-03-04 22:19:29 Wed UTC [INFO] __main__: COMPLETED: Commute data collection
2026-03-04 22:19:29 Wed UTC [INFO] __main__: EXECUTION SUMMARY:
2026-03-04 22:19:29 Wed UTC [INFO] __main__:   COMMUTE: SUCCESS
2026-03-04 22:19:29 Wed UTC [INFO] __main__: COMPLETED: House Hunt | 1/1 modules successful
2026-03-05 12:44:30 Thu UTC [INFO] __main__: STARTED: House Hunt execution
2026-03-05 12:44:30 Thu UTC [INFO] __main__: STARTED: Commute data collection
2026-03-05 12:44:32 Thu UTC [INFO] utils: Loaded 182 records from /home/runner/work/house_hunt/house_hunt/Data/Results/commute_stats.csv
2026-03-05 12:44:32 Thu UTC [INFO] utils: Tier tracking updated: +182 (advanced) | Monthly: Basic=0 Advanced=2,069
2026-03-05 12:44:35 Thu UTC [INFO] utils: Google-reported usage: 2,069 elements (Advanced tier)
2026-03-05 12:44:35 Thu UTC [INFO] utils: Free tier limit: 5,000, Remaining: 2,931
2026-03-05 12:44:35 Thu UTC [INFO] utils: Validation: tier=Advanced | local=2,069 google=2,069 delta=0 | Basic=0/10,000 Advanced=2,069/5,000 | cost=$0.00
2026-03-05 12:44:35 Thu UTC [INFO] utils: Tracking validation passed (delta=0 within 183 tolerance)
2026-03-05 12:44:35 Thu UTC [INFO] __main__: COMPLETED: Commute data collection
2026-03-05 12:44:35 Thu UTC [INFO] __main__: EXECUTION SUMMARY:
2026-03-05 12:44:35 Thu UTC [INFO] __main__:   COMMUTE: SUCCESS
2026-03-05 12:44:35 Thu UTC [INFO] __main__: COMPLETED: House Hunt | 1/1 modules successful
2026-03-05 22:18:59 Thu UTC [INFO] __main__: STARTED: House Hunt execution
2026-03-05 22:18:59 Thu UTC [INFO] __main__: STARTED: Commute data collection
2026-03-05 22:19:02 Thu UTC [INFO] utils: Loaded 182 records from /home/runner/work/house_hunt/house_hunt/Data/Results/commute_stats.csv
2026-03-05 22:19:02 Thu UTC [INFO] utils: Tier tracking updated: +182 (advanced) | Monthly: Basic=0 Advanced=2,251
2026-03-05 22:19:03 Thu UTC [INFO] utils: Google-reported usage: 2,251 elements (Advanced tier)
2026-03-05 22:19:03 Thu UTC [INFO] utils: Free tier limit: 5,000, Remaining: 2,749
2026-03-05 22:19:03 Thu UTC [INFO] utils: Validation: tier=Advanced | local=2,251 google=2,251 delta=0 | Basic=0/10,000 Advanced=2,251/5,000 | cost=$0.00
2026-03-05 22:19:03 Thu UTC [INFO] utils: Tracking validation passed (delta=0 within 183 tolerance)
2026-03-05 22:19:03 Thu UTC [INFO] __main__: COMPLETED: Commute data collection
2026-03-05 22:19:03 Thu UTC [INFO] __main__: EXECUTION SUMMARY:
2026-03-05 22:19:03 Thu UTC [INFO] __main__:   COMMUTE: SUCCESS
2026-03-05 22:19:03 Thu UTC [INFO] __main__: COMPLETED: House Hunt | 1/1 modules successful
2026-03-06 12:39:34 Fri UTC [INFO] __main__: STARTED: House Hunt execution
2026-03-06 12:39:34 Fri UTC [INFO] __main__: STARTED: Commute data collection
2026-03-06 12:39:36 Fri UTC [INFO] utils: Loaded 182 records from /home/runner/work/house_hunt/house_hunt/Data/Results/commute_stats.csv
2026-03-06 12:39:36 Fri UTC [INFO] utils: Tier tracking updated: +182 (advanced) | Monthly: Basic=0 Advanced=2,433
2026-03-06 12:39:38 Fri UTC [INFO] utils: Google-reported usage: 2,433 elements (Advanced tier)
2026-03-06 12:39:38 Fri UTC [INFO] utils: Free tier limit: 5,000, Remaining: 2,567
2026-03-06 12:39:38 Fri UTC [INFO] utils: Validation: tier=Advanced | local=2,433 google=2,433 delta=0 | Basic=0/10,000 Advanced=2,433/5,000 | cost=$0.00
2026-03-06 12:39:38 Fri UTC [INFO] utils: Tracking validation passed (delta=0 within 183 tolerance)
2026-03-06 12:39:38 Fri UTC [INFO] __main__: COMPLETED: Commute data collection
2026-03-06 12:39:38 Fri UTC [INFO] __main__: EXECUTION SUMMARY:
2026-03-06 12:39:38 Fri UTC [INFO] __main__:   COMMUTE: SUCCESS
2026-03-06 12:39:38 Fri UTC [INFO] __main__: COMPLETED: House Hunt | 1/1 modules successful
