2026-03-02 14:50:03 Mon UTC [INFO] Commute.collect_commute_data: STARTED: Commute collection (morning)
2026-03-02 14:50:03 Mon UTC [INFO] Commute.collect_commute_data: Loading addresses from cache: /home/runner/work/house_hunt/house_hunt/Data/Processed/towns_within_40mi.csv
2026-03-02 14:50:03 Mon UTC [INFO] Commute.collect_commute_data: Found 182 cached addresses (skipped zip database parsing)
2026-03-02 14:50:03 Mon UTC [INFO] Commute.collect_commute_data: Budget check passed: 977/5,000 (current=795 + estimated=182)
2026-03-02 14:50:03 Mon UTC [INFO] Commute.collect_commute_data: Morning commute: 182 locations -> 123 Main St. Anytown, MA 00000
2026-03-02 14:50:05 Mon UTC [INFO] Commute.collect_commute_data: Completed 8 requests, processed 182 elements, collected 182 valid results
2026-03-02 14:50:05 Mon UTC [INFO] Commute.collect_commute_data: No historical data found. Starting fresh.
2026-03-02 14:50:05 Mon UTC [INFO] Commute.collect_commute_data: Successfully updated /home/runner/work/house_hunt/house_hunt/Data/Results/commute_stats.csv with 182 records
2026-03-02 14:50:07 Mon UTC [INFO] Commute.collect_commute_data: COMPLETED: morning | queried=182 ok=182 | elements=182 (advanced) | Basic=0/10,000 Advanced=977/5,000 | cost=$0.00
2026-03-02 22:17:16 Mon UTC [INFO] Commute.collect_commute_data: STARTED: Commute collection (afternoon)
2026-03-02 22:17:16 Mon UTC [INFO] Commute.collect_commute_data: Loading addresses from cache: /home/runner/work/house_hunt/house_hunt/Data/Processed/towns_within_40mi.csv
2026-03-02 22:17:16 Mon UTC [INFO] Commute.collect_commute_data: Found 182 cached addresses (skipped zip database parsing)
2026-03-02 22:17:16 Mon UTC [INFO] Commute.collect_commute_data: Budget check passed: 1,159/5,000 (current=977 + estimated=182)
2026-03-02 22:17:16 Mon UTC [INFO] Commute.collect_commute_data: Afternoon commute: 123 Main St. Anytown, MA 00000 -> 182 locations
2026-03-02 22:17:18 Mon UTC [INFO] Commute.collect_commute_data: Completed 8 requests, processed 182 elements, collected 182 valid results
2026-03-02 22:17:18 Mon UTC [INFO] Commute.collect_commute_data: Loaded 182 records from /home/runner/work/house_hunt/house_hunt/Data/Results/commute_stats.csv
2026-03-02 22:17:18 Mon UTC [INFO] Commute.collect_commute_data: Successfully updated /home/runner/work/house_hunt/house_hunt/Data/Results/commute_stats.csv with 182 records
2026-03-02 22:17:19 Mon UTC [INFO] Commute.collect_commute_data: COMPLETED: afternoon | queried=182 ok=182 | elements=182 (advanced) | Basic=0/10,000 Advanced=1,159/5,000 | cost=$0.00
2026-03-03 12:40:53 Tue UTC [INFO] Commute.collect_commute_data: STARTED: Commute collection (morning)
2026-03-03 12:40:53 Tue UTC [INFO] Commute.collect_commute_data: Loading addresses from cache: /home/runner/work/house_hunt/house_hunt/Data/Processed/towns_within_40mi.csv
2026-03-03 12:40:53 Tue UTC [INFO] Commute.collect_commute_data: Found 182 cached addresses (skipped zip database parsing)
2026-03-03 12:40:53 Tue UTC [INFO] Commute.collect_commute_data: Budget check passed: 1,341/5,000 (current=1,159 + estimated=182)
2026-03-03 12:40:53 Tue UTC [INFO] Commute.collect_commute_data: Morning commute: 182 locations -> 123 Main St. Anytown, MA 00000
2026-03-03 12:40:55 Tue UTC [INFO] Commute.collect_commute_data: Completed 8 requests, processed 182 elements, collected 182 valid results
2026-03-03 12:40:55 Tue UTC [INFO] Commute.collect_commute_data: Loaded 182 records from /home/runner/work/house_hunt/house_hunt/Data/Results/commute_stats.csv
2026-03-03 12:40:55 Tue UTC [INFO] Commute.collect_commute_data: Successfully updated /home/runner/work/house_hunt/house_hunt/Data/Results/commute_stats.csv with 182 records
2026-03-03 12:40:56 Tue UTC [INFO] Commute.collect_commute_data: COMPLETED: morning | queried=182 ok=182 | elements=182 (advanced) | Basic=0/10,000 Advanced=1,341/5,000 | cost=$0.00
