Fri Jan 16 01:06:07 PM EST 2026: Commute collection completed successfully
Fri Jan 16 01:08:18 PM EST 2026: Commute collection completed successfully
Fri Jan 16 01:12:03 PM EST 2026: Commute collection completed successfully
Fri Jan 16 01:14:51 PM EST 2026: Commute collection completed successfully
Fri Jan 16 01:16:49 PM EST 2026: Commute collection completed successfully
Fri Jan 16 05:00:07 PM EST 2026: Commute collection completed successfully
Mon Jan 19 07:00:10 AM EST 2026: Commute collection completed successfully
Mon Jan 19 05:00:07 PM EST 2026: Commute collection completed successfully
Tue Jan 20 07:00:08 AM EST 2026: Commute collection completed successfully
Tue Jan 20 05:00:08 PM EST 2026: Commute collection completed successfully
Wed Jan 21 07:00:08 AM EST 2026: Commute collection completed successfully
Wed Jan 21 05:00:08 PM EST 2026: Commute collection completed successfully
Mon Jan 26 05:00:36 PM EST 2026: Commute collection completed successfully
Tue Jan 27 07:00:31 AM EST 2026: Commute collection completed successfully
Mon Feb  2 07:00:39 AM EST 2026: Commute collection completed successfully
Mon Feb  2 05:00:09 PM EST 2026: Commute collection completed successfully
Tue Feb  3 07:00:24 AM EST 2026: Commute collection completed successfully
Tue Feb  3 05:00:09 PM EST 2026: Commute collection completed successfully
Wed Feb  4 07:00:09 AM EST 2026: Commute collection completed successfully
Wed Feb  4 05:00:09 PM EST 2026: Commute collection completed successfully
Thu Feb  5 07:00:10 AM EST 2026: Commute collection completed successfully
Thu Feb  5 05:00:11 PM EST 2026: Commute collection completed successfully
